# JRE version: OpenJDK Runtime Environment Temurin-21.0.8+9 (21.0.8+9) (build 21.0.8+9-LTS)
# Java VM: OpenJDK 64-Bit Server VM Temurin-21.0.8+9 (21.0.8+9-LTS, mixed mode, sharing, tiered, compressed oops, compressed class ptrs, parallel gc, windows-amd64)
GC Precious Log:
 CardTable entry size: 512
 CPUs: 8 total, 8 available
 Memory: 7919M
 Large Page Support: Disabled
 NUMA Support: Disabled
 Compressed Oops: Enabled (32-bit)
 Alignments: Space 512K, Generation 512K, Heap 2M
 Heap Min Capacity: 100M
 Heap Initial Capacity: 100M
 Heap Max Capacity: 2G
 Pre-touch: Disabled
 Parallel Workers: 8
Heap:
 PSYoungGen      total 3584K, used 1238K [0x00000000d5580000, 0x00000000d5a80000, 0x0000000100000000)
  eden space 2048K, 9% used [0x00000000d5580000,0x00000000d55b2ad0,0x00000000d5780000)
  from space 1536K, 67% used [0x00000000d5900000,0x00000000d5a03010,0x00000000d5a80000)
  to   space 1536K, 0% used [0x00000000d5780000,0x00000000d5780000,0x00000000d5900000)
 ParOldGen       total 382464K, used 367962K [0x0000000080000000, 0x0000000097580000, 0x00000000d5580000)
  object space 382464K, 96% used [0x0000000080000000,0x00000000967569f8,0x0000000097580000)
 Metaspace       used 69174K, committed 70720K, reserved 1114112K
  class space    used 7419K, committed 8128K, reserved 1048576K
GC Heap History (20 events):
Event: 55.712 GC heap before
{Heap before GC invocations=859 (full 3):
 PSYoungGen      total 2560K, used 2304K [0x00000000d5580000, 0x00000000d5900000, 0x0000000100000000)
  eden space 2048K, 100% used [0x00000000d5580000,0x00000000d5780000,0x00000000d5780000)
  from space 512K, 50% used [0x00000000d5780000,0x00000000d57c0000,0x00000000d5800000)
  to   space 512K, 0% used [0x00000000d5880000,0x00000000d5880000,0x00000000d5900000)
 ParOldGen       total 382464K, used 364967K [0x0000000080000000, 0x0000000097580000, 0x00000000d5580000)
  object space 382464K, 95% used [0x0000000080000000,0x0000000096469f88,0x0000000097580000)
 Metaspace       used 68762K, committed 70272K, reserved 1114112K
  class space    used 7388K, committed 8064K, reserved 1048576K
}
Event: 55.714 GC heap after
{Heap after GC invocations=859 (full 3):
 PSYoungGen      total 2560K, used 288K [0x00000000d5580000, 0x00000000d5900000, 0x0000000100000000)
  eden space 2048K, 0% used [0x00000000d5580000,0x00000000d5580000,0x00000000d5780000)
  from space 512K, 56% used [0x00000000d5880000,0x00000000d58c8000,0x00000000d5900000)
  to   space 512K, 0% used [0x00000000d5780000,0x00000000d5780000,0x00000000d5800000)
 ParOldGen       total 382464K, used 365151K [0x0000000080000000, 0x0000000097580000, 0x00000000d5580000)
  object space 382464K, 95% used [0x0000000080000000,0x0000000096497f88,0x0000000097580000)
 Metaspace       used 68762K, committed 70272K, reserved 1114112K
  class space    used 7388K, committed 8064K, reserved 1048576K
}
Event: 55.726 GC heap before
{Heap before GC invocations=860 (full 3):
 PSYoungGen      total 2560K, used 2333K [0x00000000d5580000, 0x00000000d5900000, 0x0000000100000000)
  eden space 2048K, 99% used [0x00000000d5580000,0x00000000d577f498,0x00000000d5780000)
  from space 512K, 56% used [0x00000000d5880000,0x00000000d58c8000,0x00000000d5900000)
  to   space 512K, 0% used [0x00000000d5780000,0x00000000d5780000,0x00000000d5800000)
 ParOldGen       total 382464K, used 365151K [0x0000000080000000, 0x0000000097580000, 0x00000000d5580000)
  object space 382464K, 95% used [0x0000000080000000,0x0000000096497f88,0x0000000097580000)
 Metaspace       used 68762K, committed 70272K, reserved 1114112K
  class space    used 7388K, committed 8064K, reserved 1048576K
}
Event: 55.729 GC heap after
{Heap after GC invocations=860 (full 3):
 PSYoungGen      total 2560K, used 496K [0x00000000d5580000, 0x00000000d5980000, 0x0000000100000000)
  eden space 2048K, 0% used [0x00000000d5580000,0x00000000d5580000,0x00000000d5780000)
  from space 512K, 96% used [0x00000000d5780000,0x00000000d57fc260,0x00000000d5800000)
  to   space 1024K, 0% used [0x00000000d5880000,0x00000000d5880000,0x00000000d5980000)
 ParOldGen       total 382464K, used 365295K [0x0000000080000000, 0x0000000097580000, 0x00000000d5580000)
  object space 382464K, 95% used [0x0000000080000000,0x00000000964bbf88,0x0000000097580000)
 Metaspace       used 68762K, committed 70272K, reserved 1114112K
  class space    used 7388K, committed 8064K, reserved 1048576K
}
Event: 55.759 GC heap before
{Heap before GC invocations=861 (full 3):
 PSYoungGen      total 2560K, used 2530K [0x00000000d5580000, 0x00000000d5980000, 0x0000000100000000)
  eden space 2048K, 99% used [0x00000000d5580000,0x00000000d577c600,0x00000000d5780000)
  from space 512K, 96% used [0x00000000d5780000,0x00000000d57fc260,0x00000000d5800000)
  to   space 1024K, 0% used [0x00000000d5880000,0x00000000d5880000,0x00000000d5980000)
 ParOldGen       total 382464K, used 365422K [0x0000000080000000, 0x0000000097580000, 0x00000000d5580000)
  object space 382464K, 95% used [0x0000000080000000,0x00000000964dbae0,0x0000000097580000)
 Metaspace       used 68762K, committed 70272K, reserved 1114112K
  class space    used 7388K, committed 8064K, reserved 1048576K
}
Event: 55.761 GC heap after
{Heap after GC invocations=861 (full 3):
 PSYoungGen      total 2560K, used 320K [0x00000000d5580000, 0x00000000d5900000, 0x0000000100000000)
  eden space 2048K, 0% used [0x00000000d5580000,0x00000000d5580000,0x00000000d5780000)
  from space 512K, 62% used [0x00000000d5880000,0x00000000d58d0000,0x00000000d5900000)
  to   space 512K, 0% used [0x00000000d5780000,0x00000000d5780000,0x00000000d5800000)
 ParOldGen       total 382464K, used 365676K [0x0000000080000000, 0x0000000097580000, 0x00000000d5580000)
  object space 382464K, 95% used [0x0000000080000000,0x000000009651b0f0,0x0000000097580000)
 Metaspace       used 68762K, committed 70272K, reserved 1114112K
  class space    used 7388K, committed 8064K, reserved 1048576K
}
Event: 55.773 GC heap before
{Heap before GC invocations=862 (full 3):
 PSYoungGen      total 2560K, used 2368K [0x00000000d5580000, 0x00000000d5900000, 0x0000000100000000)
  eden space 2048K, 100% used [0x00000000d5580000,0x00000000d5780000,0x00000000d5780000)
  from space 512K, 62% used [0x00000000d5880000,0x00000000d58d0000,0x00000000d5900000)
  to   space 512K, 0% used [0x00000000d5780000,0x00000000d5780000,0x00000000d5800000)
 ParOldGen       total 382464K, used 365703K [0x0000000080000000, 0x0000000097580000, 0x00000000d5580000)
  object space 382464K, 95% used [0x0000000080000000,0x0000000096521d50,0x0000000097580000)
 Metaspace       used 68762K, committed 70272K, reserved 1114112K
  class space    used 7388K, committed 8064K, reserved 1048576K
}
Event: 55.775 GC heap after
{Heap after GC invocations=862 (full 3):
 PSYoungGen      total 2560K, used 401K [0x00000000d5580000, 0x00000000d5900000, 0x0000000100000000)
  eden space 2048K, 0% used [0x00000000d5580000,0x00000000d5580000,0x00000000d5780000)
  from space 512K, 78% used [0x00000000d5780000,0x00000000d57e4518,0x00000000d5800000)
  to   space 512K, 0% used [0x00000000d5880000,0x00000000d5880000,0x00000000d5900000)
 ParOldGen       total 382464K, used 365871K [0x0000000080000000, 0x0000000097580000, 0x00000000d5580000)
  object space 382464K, 95% used [0x0000000080000000,0x000000009654bd50,0x0000000097580000)
 Metaspace       used 68762K, committed 70272K, reserved 1114112K
  class space    used 7388K, committed 8064K, reserved 1048576K
}
Event: 55.783 GC heap before
{Heap before GC invocations=863 (full 3):
 PSYoungGen      total 2560K, used 2447K [0x00000000d5580000, 0x00000000d5900000, 0x0000000100000000)
  eden space 2048K, 99% used [0x00000000d5580000,0x00000000d577f9a8,0x00000000d5780000)
  from space 512K, 78% used [0x00000000d5780000,0x00000000d57e4518,0x00000000d5800000)
  to   space 512K, 0% used [0x00000000d5880000,0x00000000d5880000,0x00000000d5900000)
 ParOldGen       total 382464K, used 365871K [0x0000000080000000, 0x0000000097580000, 0x00000000d5580000)
  object space 382464K, 95% used [0x0000000080000000,0x000000009654bd50,0x0000000097580000)
 Metaspace       used 68762K, committed 70272K, reserved 1114112K
  class space    used 7388K, committed 8064K, reserved 1048576K
}
Event: 55.785 GC heap after
{Heap after GC invocations=863 (full 3):
 PSYoungGen      total 2560K, used 320K [0x00000000d5580000, 0x00000000d5900000, 0x0000000100000000)
  eden space 2048K, 0% used [0x00000000d5580000,0x00000000d5580000,0x00000000d5780000)
  from space 512K, 62% used [0x00000000d5880000,0x00000000d58d0000,0x00000000d5900000)
  to   space 512K, 0% used [0x00000000d5780000,0x00000000d5780000,0x00000000d5800000)
 ParOldGen       total 382464K, used 366103K [0x0000000080000000, 0x0000000097580000, 0x00000000d5580000)
  object space 382464K, 95% used [0x0000000080000000,0x0000000096585d50,0x0000000097580000)
 Metaspace       used 68762K, committed 70272K, reserved 1114112K
  class space    used 7388K, committed 8064K, reserved 1048576K
}
Event: 55.802 GC heap before
{Heap before GC invocations=864 (full 3):
 PSYoungGen      total 2560K, used 2365K [0x00000000d5580000, 0x00000000d5900000, 0x0000000100000000)
  eden space 2048K, 99% used [0x00000000d5580000,0x00000000d577f6e0,0x00000000d5780000)
  from space 512K, 62% used [0x00000000d5880000,0x00000000d58d0000,0x00000000d5900000)
  to   space 512K, 0% used [0x00000000d5780000,0x00000000d5780000,0x00000000d5800000)
 ParOldGen       total 382464K, used 366103K [0x0000000080000000, 0x0000000097580000, 0x00000000d5580000)
  object space 382464K, 95% used [0x0000000080000000,0x0000000096585d50,0x0000000097580000)
 Metaspace       used 68768K, committed 70272K, reserved 1114112K
  class space    used 7390K, committed 8064K, reserved 1048576K
}
Event: 55.804 GC heap after
{Heap after GC invocations=864 (full 3):
 PSYoungGen      total 2560K, used 352K [0x00000000d5580000, 0x00000000d5900000, 0x0000000100000000)
  eden space 2048K, 0% used [0x00000000d5580000,0x00000000d5580000,0x00000000d5780000)
  from space 512K, 68% used [0x00000000d5780000,0x00000000d57d8000,0x00000000d5800000)
  to   space 512K, 0% used [0x00000000d5880000,0x00000000d5880000,0x00000000d5900000)
 ParOldGen       total 382464K, used 366311K [0x0000000080000000, 0x0000000097580000, 0x00000000d5580000)
  object space 382464K, 95% used [0x0000000080000000,0x00000000965b9d50,0x0000000097580000)
 Metaspace       used 68768K, committed 70272K, reserved 1114112K
  class space    used 7390K, committed 8064K, reserved 1048576K
}
Event: 55.824 GC heap before
{Heap before GC invocations=865 (full 3):
 PSYoungGen      total 2560K, used 2392K [0x00000000d5580000, 0x00000000d5900000, 0x0000000100000000)
  eden space 2048K, 99% used [0x00000000d5580000,0x00000000d577e100,0x00000000d5780000)
  from space 512K, 68% used [0x00000000d5780000,0x00000000d57d8000,0x00000000d5800000)
  to   space 512K, 0% used [0x00000000d5880000,0x00000000d5880000,0x00000000d5900000)
 ParOldGen       total 382464K, used 366311K [0x0000000080000000, 0x0000000097580000, 0x00000000d5580000)
  object space 382464K, 95% used [0x0000000080000000,0x00000000965b9d50,0x0000000097580000)
 Metaspace       used 68778K, committed 70336K, reserved 1114112K
  class space    used 7391K, committed 8064K, reserved 1048576K
}
Event: 55.826 GC heap after
{Heap after GC invocations=865 (full 3):
 PSYoungGen      total 2560K, used 288K [0x00000000d5580000, 0x00000000d5900000, 0x0000000100000000)
  eden space 2048K, 0% used [0x00000000d5580000,0x00000000d5580000,0x00000000d5780000)
  from space 512K, 56% used [0x00000000d5880000,0x00000000d58c8000,0x00000000d5900000)
  to   space 512K, 0% used [0x00000000d5780000,0x00000000d5780000,0x00000000d5800000)
 ParOldGen       total 382464K, used 366519K [0x0000000080000000, 0x0000000097580000, 0x00000000d5580000)
  object space 382464K, 95% used [0x0000000080000000,0x00000000965edd50,0x0000000097580000)
 Metaspace       used 68778K, committed 70336K, reserved 1114112K
  class space    used 7391K, committed 8064K, reserved 1048576K
}
Event: 55.843 GC heap before
{Heap before GC invocations=866 (full 3):
 PSYoungGen      total 2560K, used 2336K [0x00000000d5580000, 0x00000000d5900000, 0x0000000100000000)
  eden space 2048K, 100% used [0x00000000d5580000,0x00000000d5780000,0x00000000d5780000)
  from space 512K, 56% used [0x00000000d5880000,0x00000000d58c8000,0x00000000d5900000)
  to   space 512K, 0% used [0x00000000d5780000,0x00000000d5780000,0x00000000d5800000)
 ParOldGen       total 382464K, used 366519K [0x0000000080000000, 0x0000000097580000, 0x00000000d5580000)
  object space 382464K, 95% used [0x0000000080000000,0x00000000965edd50,0x0000000097580000)
 Metaspace       used 68807K, committed 70336K, reserved 1114112K
  class space    used 7398K, committed 8064K, reserved 1048576K
}
Event: 55.845 GC heap after
{Heap after GC invocations=866 (full 3):
 PSYoungGen      total 2560K, used 502K [0x00000000d5580000, 0x00000000d5980000, 0x0000000100000000)
  eden space 2048K, 0% used [0x00000000d5580000,0x00000000d5580000,0x00000000d5780000)
  from space 512K, 98% used [0x00000000d5780000,0x00000000d57fd9f0,0x00000000d5800000)
  to   space 1024K, 0% used [0x00000000d5880000,0x00000000d5880000,0x00000000d5980000)
 ParOldGen       total 382464K, used 366759K [0x0000000080000000, 0x0000000097580000, 0x00000000d5580000)
  object space 382464K, 95% used [0x0000000080000000,0x0000000096629d50,0x0000000097580000)
 Metaspace       used 68807K, committed 70336K, reserved 1114112K
  class space    used 7398K, committed 8064K, reserved 1048576K
}
Event: 55.861 GC heap before
{Heap before GC invocations=867 (full 3):
 PSYoungGen      total 2560K, used 2524K [0x00000000d5580000, 0x00000000d5980000, 0x0000000100000000)
  eden space 2048K, 98% used [0x00000000d5580000,0x00000000d5779918,0x00000000d5780000)
  from space 512K, 98% used [0x00000000d5780000,0x00000000d57fd9f0,0x00000000d5800000)
  to   space 1024K, 0% used [0x00000000d5880000,0x00000000d5880000,0x00000000d5980000)
 ParOldGen       total 382464K, used 366759K [0x0000000080000000, 0x0000000097580000, 0x00000000d5580000)
  object space 382464K, 95% used [0x0000000080000000,0x0000000096629d50,0x0000000097580000)
 Metaspace       used 68897K, committed 70400K, reserved 1114112K
  class space    used 7403K, committed 8064K, reserved 1048576K
}
Event: 55.863 GC heap after
{Heap after GC invocations=867 (full 3):
 PSYoungGen      total 2560K, used 480K [0x00000000d5580000, 0x00000000d5900000, 0x0000000100000000)
  eden space 2048K, 0% used [0x00000000d5580000,0x00000000d5580000,0x00000000d5780000)
  from space 512K, 93% used [0x00000000d5880000,0x00000000d58f8098,0x00000000d5900000)
  to   space 512K, 0% used [0x00000000d5780000,0x00000000d5780000,0x00000000d5800000)
 ParOldGen       total 382464K, used 367023K [0x0000000080000000, 0x0000000097580000, 0x00000000d5580000)
  object space 382464K, 95% used [0x0000000080000000,0x000000009666bd50,0x0000000097580000)
 Metaspace       used 68897K, committed 70400K, reserved 1114112K
  class space    used 7403K, committed 8064K, reserved 1048576K
}
Event: 55.887 GC heap before
{Heap before GC invocations=868 (full 3):
 PSYoungGen      total 2560K, used 2486K [0x00000000d5580000, 0x00000000d5900000, 0x0000000100000000)
  eden space 2048K, 97% used [0x00000000d5580000,0x00000000d5775ad8,0x00000000d5780000)
  from space 512K, 93% used [0x00000000d5880000,0x00000000d58f8098,0x00000000d5900000)
  to   space 512K, 0% used [0x00000000d5780000,0x00000000d5780000,0x00000000d5800000)
 ParOldGen       total 382464K, used 367023K [0x0000000080000000, 0x0000000097580000, 0x00000000d5580000)
  object space 382464K, 95% used [0x0000000080000000,0x000000009666bd50,0x0000000097580000)
 Metaspace       used 69016K, committed 70592K, reserved 1114112K
  class space    used 7415K, committed 8128K, reserved 1048576K
}
Event: 55.891 GC heap after
{Heap after GC invocations=868 (full 3):
 PSYoungGen      total 2560K, used 493K [0x00000000d5580000, 0x00000000d5a80000, 0x0000000100000000)
  eden space 2048K, 0% used [0x00000000d5580000,0x00000000d5580000,0x00000000d5780000)
  from space 512K, 96% used [0x00000000d5780000,0x00000000d57fb400,0x00000000d5800000)
  to   space 1536K, 0% used [0x00000000d5900000,0x00000000d5900000,0x00000000d5a80000)
 ParOldGen       total 382464K, used 367640K [0x0000000080000000, 0x0000000097580000, 0x00000000d5580000)
  object space 382464K, 96% used [0x0000000080000000,0x0000000096706178,0x0000000097580000)
 Metaspace       used 69016K, committed 70592K, reserved 1114112K
  class space    used 7415K, committed 8128K, reserved 1048576K
}

