# JRE version: OpenJDK Runtime Environment Temurin-21.0.7+6 (21.0.7+6) (build 21.0.7+6-LTS)
# Java VM: OpenJDK 64-Bit Server VM Temurin-21.0.7+6 (21.0.7+6-LTS, mixed mode, sharing, tiered, compressed oops, compressed class ptrs, parallel gc, windows-amd64)
GC Precious Log:
 CardTable entry size: 512
 CPUs: 8 total, 8 available
 Memory: 7919M
 Large Page Support: Disabled
 NUMA Support: Disabled
 Compressed Oops: Enabled (32-bit)
 Alignments: Space 512K, Generation 512K, Heap 2M
 Heap Min Capacity: 100M
 Heap Initial Capacity: 100M
 Heap Max Capacity: 2G
 Pre-touch: Disabled
 Parallel Workers: 8
Heap:
 PSYoungGen      total 4096K, used 4093K [0x00000000d5580000, 0x00000000d5c00000, 0x0000000100000000)
  eden space 3584K, 99% used [0x00000000d5580000,0x00000000d58ff600,0x00000000d5900000)
  from space 512K, 100% used [0x00000000d5a80000,0x00000000d5b00000,0x00000000d5b00000)
  to   space 1536K, 31% used [0x00000000d5900000,0x00000000d5978000,0x00000000d5a80000)
 ParOldGen       total 553472K, used 553157K [0x0000000080000000, 0x00000000a1c80000, 0x00000000d5580000)
  object space 553472K, 99% used [0x0000000080000000,0x00000000a1c31608,0x00000000a1c80000)
 Metaspace       used 74201K, committed 75776K, reserved 1179648K
  class space    used 7725K, committed 8448K, reserved 1048576K
GC Heap History (20 events):
Event: 151.529 GC heap after
{Heap after GC invocations=865 (full 3):
 PSYoungGen      total 4096K, used 512K [0x00000000d5580000, 0x00000000d5c00000, 0x0000000100000000)
  eden space 3584K, 0% used [0x00000000d5580000,0x00000000d5580000,0x00000000d5900000)
  from space 512K, 100% used [0x00000000d5b00000,0x00000000d5b80000,0x00000000d5b80000)
  to   space 1536K, 0% used [0x00000000d5900000,0x00000000d5900000,0x00000000d5a80000)
 ParOldGen       total 545280K, used 545033K [0x0000000080000000, 0x00000000a1480000, 0x00000000d5580000)
  object space 545280K, 99% used [0x0000000080000000,0x00000000a1442790,0x00000000a1480000)
 Metaspace       used 74201K, committed 75776K, reserved 1179648K
  class space    used 7725K, committed 8448K, reserved 1048576K
}
Event: 151.562 GC heap before
{Heap before GC invocations=866 (full 3):
 PSYoungGen      total 4096K, used 4096K [0x00000000d5580000, 0x00000000d5c00000, 0x0000000100000000)
  eden space 3584K, 100% used [0x00000000d5580000,0x00000000d5900000,0x00000000d5900000)
  from space 512K, 100% used [0x00000000d5b00000,0x00000000d5b80000,0x00000000d5b80000)
  to   space 1536K, 0% used [0x00000000d5900000,0x00000000d5900000,0x00000000d5a80000)
 ParOldGen       total 545280K, used 545033K [0x0000000080000000, 0x00000000a1480000, 0x00000000d5580000)
  object space 545280K, 99% used [0x0000000080000000,0x00000000a1442790,0x00000000a1480000)
 Metaspace       used 74201K, committed 75776K, reserved 1179648K
  class space    used 7725K, committed 8448K, reserved 1048576K
}
Event: 151.564 GC heap after
{Heap after GC invocations=866 (full 3):
 PSYoungGen      total 5120K, used 608K [0x00000000d5580000, 0x00000000d5b80000, 0x0000000100000000)
  eden space 3584K, 0% used [0x00000000d5580000,0x00000000d5580000,0x00000000d5900000)
  from space 1536K, 39% used [0x00000000d5900000,0x00000000d5998000,0x00000000d5a80000)
  to   space 1024K, 0% used [0x00000000d5a80000,0x00000000d5a80000,0x00000000d5b80000)
 ParOldGen       total 545792K, used 545481K [0x0000000080000000, 0x00000000a1500000, 0x00000000d5580000)
  object space 545792K, 99% used [0x0000000080000000,0x00000000a14b2790,0x00000000a1500000)
 Metaspace       used 74201K, committed 75776K, reserved 1179648K
  class space    used 7725K, committed 8448K, reserved 1048576K
}
Event: 151.594 GC heap before
{Heap before GC invocations=867 (full 3):
 PSYoungGen      total 5120K, used 4192K [0x00000000d5580000, 0x00000000d5b80000, 0x0000000100000000)
  eden space 3584K, 100% used [0x00000000d5580000,0x00000000d5900000,0x00000000d5900000)
  from space 1536K, 39% used [0x00000000d5900000,0x00000000d5998000,0x00000000d5a80000)
  to   space 1024K, 0% used [0x00000000d5a80000,0x00000000d5a80000,0x00000000d5b80000)
 ParOldGen       total 545792K, used 545481K [0x0000000080000000, 0x00000000a1500000, 0x00000000d5580000)
  object space 545792K, 99% used [0x0000000080000000,0x00000000a14b2790,0x00000000a1500000)
 Metaspace       used 74201K, committed 75776K, reserved 1179648K
  class space    used 7725K, committed 8448K, reserved 1048576K
}
Event: 151.598 GC heap after
{Heap after GC invocations=867 (full 3):
 PSYoungGen      total 4608K, used 616K [0x00000000d5580000, 0x00000000d5b80000, 0x0000000100000000)
  eden space 3584K, 0% used [0x00000000d5580000,0x00000000d5580000,0x00000000d5900000)
  from space 1024K, 60% used [0x00000000d5a80000,0x00000000d5b1a2f0,0x00000000d5b80000)
  to   space 1024K, 0% used [0x00000000d5980000,0x00000000d5980000,0x00000000d5a80000)
 ParOldGen       total 546304K, used 545977K [0x0000000080000000, 0x00000000a1580000, 0x00000000d5580000)
  object space 546304K, 99% used [0x0000000080000000,0x00000000a152e790,0x00000000a1580000)
 Metaspace       used 74201K, committed 75776K, reserved 1179648K
  class space    used 7725K, committed 8448K, reserved 1048576K
}
Event: 151.627 GC heap before
{Heap before GC invocations=868 (full 3):
 PSYoungGen      total 4608K, used 4200K [0x00000000d5580000, 0x00000000d5b80000, 0x0000000100000000)
  eden space 3584K, 100% used [0x00000000d5580000,0x00000000d5900000,0x00000000d5900000)
  from space 1024K, 60% used [0x00000000d5a80000,0x00000000d5b1a2f0,0x00000000d5b80000)
  to   space 1024K, 0% used [0x00000000d5980000,0x00000000d5980000,0x00000000d5a80000)
 ParOldGen       total 546304K, used 545977K [0x0000000080000000, 0x00000000a1580000, 0x00000000d5580000)
  object space 546304K, 99% used [0x0000000080000000,0x00000000a152e790,0x00000000a1580000)
 Metaspace       used 74201K, committed 75776K, reserved 1179648K
  class space    used 7725K, committed 8448K, reserved 1048576K
}
Event: 151.631 GC heap after
{Heap after GC invocations=868 (full 3):
 PSYoungGen      total 4608K, used 672K [0x00000000d5580000, 0x00000000d5b00000, 0x0000000100000000)
  eden space 3584K, 0% used [0x00000000d5580000,0x00000000d5580000,0x00000000d5900000)
  from space 1024K, 65% used [0x00000000d5980000,0x00000000d5a28000,0x00000000d5a80000)
  to   space 512K, 0% used [0x00000000d5a80000,0x00000000d5a80000,0x00000000d5b00000)
 ParOldGen       total 546816K, used 546441K [0x0000000080000000, 0x00000000a1600000, 0x00000000d5580000)
  object space 546816K, 99% used [0x0000000080000000,0x00000000a15a2790,0x00000000a1600000)
 Metaspace       used 74201K, committed 75776K, reserved 1179648K
  class space    used 7725K, committed 8448K, reserved 1048576K
}
Event: 151.661 GC heap before
{Heap before GC invocations=869 (full 3):
 PSYoungGen      total 4608K, used 4256K [0x00000000d5580000, 0x00000000d5b00000, 0x0000000100000000)
  eden space 3584K, 100% used [0x00000000d5580000,0x00000000d5900000,0x00000000d5900000)
  from space 1024K, 65% used [0x00000000d5980000,0x00000000d5a28000,0x00000000d5a80000)
  to   space 512K, 0% used [0x00000000d5a80000,0x00000000d5a80000,0x00000000d5b00000)
 ParOldGen       total 546816K, used 546441K [0x0000000080000000, 0x00000000a1600000, 0x00000000d5580000)
  object space 546816K, 99% used [0x0000000080000000,0x00000000a15a2790,0x00000000a1600000)
 Metaspace       used 74201K, committed 75776K, reserved 1179648K
  class space    used 7725K, committed 8448K, reserved 1048576K
}
Event: 151.665 GC heap after
{Heap after GC invocations=869 (full 3):
 PSYoungGen      total 4096K, used 493K [0x00000000d5580000, 0x00000000d5c00000, 0x0000000100000000)
  eden space 3584K, 0% used [0x00000000d5580000,0x00000000d5580000,0x00000000d5900000)
  from space 512K, 96% used [0x00000000d5a80000,0x00000000d5afb6a0,0x00000000d5b00000)
  to   space 1536K, 0% used [0x00000000d5900000,0x00000000d5900000,0x00000000d5a80000)
 ParOldGen       total 547328K, used 547233K [0x0000000080000000, 0x00000000a1680000, 0x00000000d5580000)
  object space 547328K, 99% used [0x0000000080000000,0x00000000a1668790,0x00000000a1680000)
 Metaspace       used 74201K, committed 75776K, reserved 1179648K
  class space    used 7725K, committed 8448K, reserved 1048576K
}
Event: 151.691 GC heap before
{Heap before GC invocations=870 (full 3):
 PSYoungGen      total 4096K, used 4077K [0x00000000d5580000, 0x00000000d5c00000, 0x0000000100000000)
  eden space 3584K, 100% used [0x00000000d5580000,0x00000000d5900000,0x00000000d5900000)
  from space 512K, 96% used [0x00000000d5a80000,0x00000000d5afb6a0,0x00000000d5b00000)
  to   space 1536K, 0% used [0x00000000d5900000,0x00000000d5900000,0x00000000d5a80000)
 ParOldGen       total 547328K, used 547233K [0x0000000080000000, 0x00000000a1680000, 0x00000000d5580000)
  object space 547328K, 99% used [0x0000000080000000,0x00000000a1668790,0x00000000a1680000)
 Metaspace       used 74201K, committed 75776K, reserved 1179648K
  class space    used 7725K, committed 8448K, reserved 1048576K
}
Event: 151.695 GC heap after
{Heap after GC invocations=870 (full 3):
 PSYoungGen      total 5120K, used 1007K [0x00000000d5580000, 0x00000000d5c00000, 0x0000000100000000)
  eden space 3584K, 0% used [0x00000000d5580000,0x00000000d5580000,0x00000000d5900000)
  from space 1536K, 65% used [0x00000000d5900000,0x00000000d59fbcb0,0x00000000d5a80000)
  to   space 1536K, 0% used [0x00000000d5a80000,0x00000000d5a80000,0x00000000d5c00000)
 ParOldGen       total 547840K, used 547751K [0x0000000080000000, 0x00000000a1700000, 0x00000000d5580000)
  object space 547840K, 99% used [0x0000000080000000,0x00000000a16e9e30,0x00000000a1700000)
 Metaspace       used 74201K, committed 75776K, reserved 1179648K
  class space    used 7725K, committed 8448K, reserved 1048576K
}
Event: 151.722 GC heap before
{Heap before GC invocations=871 (full 3):
 PSYoungGen      total 5120K, used 4591K [0x00000000d5580000, 0x00000000d5c00000, 0x0000000100000000)
  eden space 3584K, 100% used [0x00000000d5580000,0x00000000d5900000,0x00000000d5900000)
  from space 1536K, 65% used [0x00000000d5900000,0x00000000d59fbcb0,0x00000000d5a80000)
  to   space 1536K, 0% used [0x00000000d5a80000,0x00000000d5a80000,0x00000000d5c00000)
 ParOldGen       total 547840K, used 547751K [0x0000000080000000, 0x00000000a1700000, 0x00000000d5580000)
  object space 547840K, 99% used [0x0000000080000000,0x00000000a16e9e30,0x00000000a1700000)
 Metaspace       used 74201K, committed 75776K, reserved 1179648K
  class space    used 7725K, committed 8448K, reserved 1048576K
}
Event: 151.726 GC heap after
{Heap after GC invocations=871 (full 3):
 PSYoungGen      total 4608K, used 768K [0x00000000d5580000, 0x00000000d5b80000, 0x0000000100000000)
  eden space 3584K, 0% used [0x00000000d5580000,0x00000000d5580000,0x00000000d5900000)
  from space 1024K, 75% used [0x00000000d5a80000,0x00000000d5b40000,0x00000000d5b80000)
  to   space 1024K, 0% used [0x00000000d5980000,0x00000000d5980000,0x00000000d5a80000)
 ParOldGen       total 548864K, used 548447K [0x0000000080000000, 0x00000000a1800000, 0x00000000d5580000)
  object space 548864K, 99% used [0x0000000080000000,0x00000000a1797e30,0x00000000a1800000)
 Metaspace       used 74201K, committed 75776K, reserved 1179648K
  class space    used 7725K, committed 8448K, reserved 1048576K
}
Event: 151.756 GC heap before
{Heap before GC invocations=872 (full 3):
 PSYoungGen      total 4608K, used 4352K [0x00000000d5580000, 0x00000000d5b80000, 0x0000000100000000)
  eden space 3584K, 100% used [0x00000000d5580000,0x00000000d5900000,0x00000000d5900000)
  from space 1024K, 75% used [0x00000000d5a80000,0x00000000d5b40000,0x00000000d5b80000)
  to   space 1024K, 0% used [0x00000000d5980000,0x00000000d5980000,0x00000000d5a80000)
 ParOldGen       total 548864K, used 548447K [0x0000000080000000, 0x00000000a1800000, 0x00000000d5580000)
  object space 548864K, 99% used [0x0000000080000000,0x00000000a1797e30,0x00000000a1800000)
 Metaspace       used 74201K, committed 75776K, reserved 1179648K
  class space    used 7725K, committed 8448K, reserved 1048576K
}
Event: 151.760 GC heap after
{Heap after GC invocations=872 (full 3):
 PSYoungGen      total 4608K, used 823K [0x00000000d5580000, 0x00000000d5b00000, 0x0000000100000000)
  eden space 3584K, 0% used [0x00000000d5580000,0x00000000d5580000,0x00000000d5900000)
  from space 1024K, 80% used [0x00000000d5980000,0x00000000d5a4dcb8,0x00000000d5a80000)
  to   space 512K, 0% used [0x00000000d5a80000,0x00000000d5a80000,0x00000000d5b00000)
 ParOldGen       total 549376K, used 549064K [0x0000000080000000, 0x00000000a1880000, 0x00000000d5580000)
  object space 549376K, 99% used [0x0000000080000000,0x00000000a1832238,0x00000000a1880000)
 Metaspace       used 74201K, committed 75776K, reserved 1179648K
  class space    used 7725K, committed 8448K, reserved 1048576K
}
Event: 151.783 GC heap before
{Heap before GC invocations=873 (full 3):
 PSYoungGen      total 4608K, used 4407K [0x00000000d5580000, 0x00000000d5b00000, 0x0000000100000000)
  eden space 3584K, 100% used [0x00000000d5580000,0x00000000d5900000,0x00000000d5900000)
  from space 1024K, 80% used [0x00000000d5980000,0x00000000d5a4dcb8,0x00000000d5a80000)
  to   space 512K, 0% used [0x00000000d5a80000,0x00000000d5a80000,0x00000000d5b00000)
 ParOldGen       total 549376K, used 549064K [0x0000000080000000, 0x00000000a1880000, 0x00000000d5580000)
  object space 549376K, 99% used [0x0000000080000000,0x00000000a1832238,0x00000000a1880000)
 Metaspace       used 74201K, committed 75776K, reserved 1179648K
  class space    used 7725K, committed 8448K, reserved 1048576K
}
Event: 151.788 GC heap after
{Heap after GC invocations=873 (full 3):
 PSYoungGen      total 4096K, used 512K [0x00000000d5580000, 0x00000000d5b00000, 0x0000000100000000)
  eden space 3584K, 0% used [0x00000000d5580000,0x00000000d5580000,0x00000000d5900000)
  from space 512K, 100% used [0x00000000d5a80000,0x00000000d5b00000,0x00000000d5b00000)
  to   space 1024K, 0% used [0x00000000d5980000,0x00000000d5980000,0x00000000d5a80000)
 ParOldGen       total 551936K, used 551599K [0x0000000080000000, 0x00000000a1b00000, 0x00000000d5580000)
  object space 551936K, 99% used [0x0000000080000000,0x00000000a1aabff8,0x00000000a1b00000)
 Metaspace       used 74201K, committed 75776K, reserved 1179648K
  class space    used 7725K, committed 8448K, reserved 1048576K
}
Event: 151.820 GC heap before
{Heap before GC invocations=874 (full 3):
 PSYoungGen      total 4096K, used 4096K [0x00000000d5580000, 0x00000000d5b00000, 0x0000000100000000)
  eden space 3584K, 100% used [0x00000000d5580000,0x00000000d5900000,0x00000000d5900000)
  from space 512K, 100% used [0x00000000d5a80000,0x00000000d5b00000,0x00000000d5b00000)
  to   space 1024K, 0% used [0x00000000d5980000,0x00000000d5980000,0x00000000d5a80000)
 ParOldGen       total 551936K, used 551599K [0x0000000080000000, 0x00000000a1b00000, 0x00000000d5580000)
  object space 551936K, 99% used [0x0000000080000000,0x00000000a1aabff8,0x00000000a1b00000)
 Metaspace       used 74201K, committed 75776K, reserved 1179648K
  class space    used 7725K, committed 8448K, reserved 1048576K
}
Event: 151.824 GC heap after
{Heap after GC invocations=874 (full 3):
 PSYoungGen      total 4608K, used 832K [0x00000000d5580000, 0x00000000d5b00000, 0x0000000100000000)
  eden space 3584K, 0% used [0x00000000d5580000,0x00000000d5580000,0x00000000d5900000)
  from space 1024K, 81% used [0x00000000d5980000,0x00000000d5a50000,0x00000000d5a80000)
  to   space 512K, 0% used [0x00000000d5a80000,0x00000000d5a80000,0x00000000d5b00000)
 ParOldGen       total 552448K, used 552151K [0x0000000080000000, 0x00000000a1b80000, 0x00000000d5580000)
  object space 552448K, 99% used [0x0000000080000000,0x00000000a1b35ff8,0x00000000a1b80000)
 Metaspace       used 74201K, committed 75776K, reserved 1179648K
  class space    used 7725K, committed 8448K, reserved 1048576K
}
Event: 151.854 GC heap before
{Heap before GC invocations=875 (full 3):
 PSYoungGen      total 4608K, used 4416K [0x00000000d5580000, 0x00000000d5b00000, 0x0000000100000000)
  eden space 3584K, 100% used [0x00000000d5580000,0x00000000d5900000,0x00000000d5900000)
  from space 1024K, 81% used [0x00000000d5980000,0x00000000d5a50000,0x00000000d5a80000)
  to   space 512K, 0% used [0x00000000d5a80000,0x00000000d5a80000,0x00000000d5b00000)
 ParOldGen       total 552448K, used 552151K [0x0000000080000000, 0x00000000a1b80000, 0x00000000d5580000)
  object space 552448K, 99% used [0x0000000080000000,0x00000000a1b35ff8,0x00000000a1b80000)
 Metaspace       used 74201K, committed 75776K, reserved 1179648K
  class space    used 7725K, committed 8448K, reserved 1048576K
}

