# JRE version: OpenJDK Runtime Environment Temurin-21.0.8+9 (21.0.8+9) (build 21.0.8+9-LTS)
# Java VM: OpenJDK 64-Bit Server VM Temurin-21.0.8+9 (21.0.8+9-LTS, mixed mode, sharing, tiered, compressed oops, compressed class ptrs, parallel gc, windows-amd64)
GC Precious Log:
 CardTable entry size: 512
 CPUs: 8 total, 8 available
 Memory: 7919M
 Large Page Support: Disabled
 NUMA Support: Disabled
 Compressed Oops: Enabled (32-bit)
 Alignments: Space 512K, Generation 512K, Heap 2M
 Heap Min Capacity: 100M
 Heap Initial Capacity: 100M
 Heap Max Capacity: 2G
 Pre-touch: Disabled
 Parallel Workers: 8
Heap:
 PSYoungGen      total 22016K, used 6417K [0x00000000d5580000, 0x00000000d7100000, 0x0000000100000000)
  eden space 20992K, 25% used [0x00000000d5580000,0x00000000d5acc440,0x00000000d6a00000)
  from space 1024K, 96% used [0x00000000d6f00000,0x00000000d6ff8020,0x00000000d7000000)
  to   space 3584K, 0% used [0x00000000d6a00000,0x00000000d6a00000,0x00000000d6d80000)
 ParOldGen       total 68608K, used 35164K [0x0000000080000000, 0x0000000084300000, 0x00000000d5580000)
  object space 68608K, 51% used [0x0000000080000000,0x0000000082257018,0x0000000084300000)
 Metaspace       used 44418K, committed 45504K, reserved 1114112K
  class space    used 4493K, committed 4992K, reserved 1048576K
GC Heap History (20 events):
Event: 16.819 GC heap before
{Heap before GC invocations=15 (full 2):
 PSYoungGen      total 23552K, used 2082K [0x00000000d5580000, 0x00000000d7200000, 0x0000000100000000)
  eden space 20992K, 0% used [0x00000000d5580000,0x00000000d5580000,0x00000000d6a00000)
  from space 2560K, 81% used [0x00000000d6a00000,0x00000000d6c08810,0x00000000d6c80000)
  to   space 3584K, 0% used [0x00000000d6e80000,0x00000000d6e80000,0x00000000d7200000)
 ParOldGen       total 68608K, used 20840K [0x0000000080000000, 0x0000000084300000, 0x00000000d5580000)
  object space 68608K, 30% used [0x0000000080000000,0x000000008145a300,0x0000000084300000)
 Metaspace       used 34845K, committed 35840K, reserved 1114112K
  class space    used 3645K, committed 4096K, reserved 1048576K
}
Event: 16.889 GC heap after
{Heap after GC invocations=15 (full 2):
 PSYoungGen      total 23552K, used 0K [0x00000000d5580000, 0x00000000d7200000, 0x0000000100000000)
  eden space 20992K, 0% used [0x00000000d5580000,0x00000000d5580000,0x00000000d6a00000)
  from space 2560K, 0% used [0x00000000d6a00000,0x00000000d6a00000,0x00000000d6c80000)
  to   space 3584K, 0% used [0x00000000d6e80000,0x00000000d6e80000,0x00000000d7200000)
 ParOldGen       total 68608K, used 21175K [0x0000000080000000, 0x0000000084300000, 0x00000000d5580000)
  object space 68608K, 30% used [0x0000000080000000,0x00000000814adde8,0x0000000084300000)
 Metaspace       used 34826K, committed 35840K, reserved 1114112K
  class space    used 3639K, committed 4096K, reserved 1048576K
}
Event: 17.004 GC heap before
{Heap before GC invocations=16 (full 2):
 PSYoungGen      total 23552K, used 20992K [0x00000000d5580000, 0x00000000d7200000, 0x0000000100000000)
  eden space 20992K, 100% used [0x00000000d5580000,0x00000000d6a00000,0x00000000d6a00000)
  from space 2560K, 0% used [0x00000000d6a00000,0x00000000d6a00000,0x00000000d6c80000)
  to   space 3584K, 0% used [0x00000000d6e80000,0x00000000d6e80000,0x00000000d7200000)
 ParOldGen       total 68608K, used 21175K [0x0000000080000000, 0x0000000084300000, 0x00000000d5580000)
  object space 68608K, 30% used [0x0000000080000000,0x00000000814adde8,0x0000000084300000)
 Metaspace       used 35000K, committed 36032K, reserved 1114112K
  class space    used 3648K, committed 4096K, reserved 1048576K
}
Event: 17.008 GC heap after
{Heap after GC invocations=16 (full 2):
 PSYoungGen      total 23552K, used 2116K [0x00000000d5580000, 0x00000000d7100000, 0x0000000100000000)
  eden space 20992K, 0% used [0x00000000d5580000,0x00000000d5580000,0x00000000d6a00000)
  from space 2560K, 82% used [0x00000000d6e80000,0x00000000d7091000,0x00000000d7100000)
  to   space 2560K, 0% used [0x00000000d6a00000,0x00000000d6a00000,0x00000000d6c80000)
 ParOldGen       total 68608K, used 21183K [0x0000000080000000, 0x0000000084300000, 0x00000000d5580000)
  object space 68608K, 30% used [0x0000000080000000,0x00000000814afde8,0x0000000084300000)
 Metaspace       used 35000K, committed 36032K, reserved 1114112K
  class space    used 3648K, committed 4096K, reserved 1048576K
}
Event: 17.143 GC heap before
{Heap before GC invocations=17 (full 2):
 PSYoungGen      total 23552K, used 23108K [0x00000000d5580000, 0x00000000d7100000, 0x0000000100000000)
  eden space 20992K, 100% used [0x00000000d5580000,0x00000000d6a00000,0x00000000d6a00000)
  from space 2560K, 82% used [0x00000000d6e80000,0x00000000d7091000,0x00000000d7100000)
  to   space 2560K, 0% used [0x00000000d6a00000,0x00000000d6a00000,0x00000000d6c80000)
 ParOldGen       total 68608K, used 21183K [0x0000000080000000, 0x0000000084300000, 0x00000000d5580000)
  object space 68608K, 30% used [0x0000000080000000,0x00000000814afde8,0x0000000084300000)
 Metaspace       used 35232K, committed 36224K, reserved 1114112K
  class space    used 3663K, committed 4096K, reserved 1048576K
}
Event: 17.148 GC heap after
{Heap after GC invocations=17 (full 2):
 PSYoungGen      total 23552K, used 1984K [0x00000000d5580000, 0x00000000d6f00000, 0x0000000100000000)
  eden space 20992K, 0% used [0x00000000d5580000,0x00000000d5580000,0x00000000d6a00000)
  from space 2560K, 77% used [0x00000000d6a00000,0x00000000d6bf0000,0x00000000d6c80000)
  to   space 2560K, 0% used [0x00000000d6c80000,0x00000000d6c80000,0x00000000d6f00000)
 ParOldGen       total 68608K, used 23186K [0x0000000080000000, 0x0000000084300000, 0x00000000d5580000)
  object space 68608K, 33% used [0x0000000080000000,0x00000000816a4938,0x0000000084300000)
 Metaspace       used 35232K, committed 36224K, reserved 1114112K
  class space    used 3663K, committed 4096K, reserved 1048576K
}
Event: 17.255 GC heap before
{Heap before GC invocations=18 (full 2):
 PSYoungGen      total 23552K, used 22976K [0x00000000d5580000, 0x00000000d6f00000, 0x0000000100000000)
  eden space 20992K, 100% used [0x00000000d5580000,0x00000000d6a00000,0x00000000d6a00000)
  from space 2560K, 77% used [0x00000000d6a00000,0x00000000d6bf0000,0x00000000d6c80000)
  to   space 2560K, 0% used [0x00000000d6c80000,0x00000000d6c80000,0x00000000d6f00000)
 ParOldGen       total 68608K, used 23186K [0x0000000080000000, 0x0000000084300000, 0x00000000d5580000)
  object space 68608K, 33% used [0x0000000080000000,0x00000000816a4938,0x0000000084300000)
 Metaspace       used 35396K, committed 36352K, reserved 1114112K
  class space    used 3682K, committed 4096K, reserved 1048576K
}
Event: 17.260 GC heap after
{Heap after GC invocations=18 (full 2):
 PSYoungGen      total 23552K, used 2176K [0x00000000d5580000, 0x00000000d6f00000, 0x0000000100000000)
  eden space 20992K, 0% used [0x00000000d5580000,0x00000000d5580000,0x00000000d6a00000)
  from space 2560K, 85% used [0x00000000d6c80000,0x00000000d6ea0020,0x00000000d6f00000)
  to   space 2560K, 0% used [0x00000000d6a00000,0x00000000d6a00000,0x00000000d6c80000)
 ParOldGen       total 68608K, used 25050K [0x0000000080000000, 0x0000000084300000, 0x00000000d5580000)
  object space 68608K, 36% used [0x0000000080000000,0x0000000081876938,0x0000000084300000)
 Metaspace       used 35396K, committed 36352K, reserved 1114112K
  class space    used 3682K, committed 4096K, reserved 1048576K
}
Event: 17.462 GC heap before
{Heap before GC invocations=19 (full 2):
 PSYoungGen      total 23552K, used 23168K [0x00000000d5580000, 0x00000000d6f00000, 0x0000000100000000)
  eden space 20992K, 100% used [0x00000000d5580000,0x00000000d6a00000,0x00000000d6a00000)
  from space 2560K, 85% used [0x00000000d6c80000,0x00000000d6ea0020,0x00000000d6f00000)
  to   space 2560K, 0% used [0x00000000d6a00000,0x00000000d6a00000,0x00000000d6c80000)
 ParOldGen       total 68608K, used 25050K [0x0000000080000000, 0x0000000084300000, 0x00000000d5580000)
  object space 68608K, 36% used [0x0000000080000000,0x0000000081876938,0x0000000084300000)
 Metaspace       used 35848K, committed 36864K, reserved 1114112K
  class space    used 3721K, committed 4160K, reserved 1048576K
}
Event: 17.469 GC heap after
{Heap after GC invocations=19 (full 2):
 PSYoungGen      total 23552K, used 2536K [0x00000000d5580000, 0x00000000d7600000, 0x0000000100000000)
  eden space 20992K, 0% used [0x00000000d5580000,0x00000000d5580000,0x00000000d6a00000)
  from space 2560K, 99% used [0x00000000d6a00000,0x00000000d6c7a000,0x00000000d6c80000)
  to   space 6144K, 0% used [0x00000000d7000000,0x00000000d7000000,0x00000000d7600000)
 ParOldGen       total 68608K, used 27743K [0x0000000080000000, 0x0000000084300000, 0x00000000d5580000)
  object space 68608K, 40% used [0x0000000080000000,0x0000000081b17ea0,0x0000000084300000)
 Metaspace       used 35848K, committed 36864K, reserved 1114112K
  class space    used 3721K, committed 4160K, reserved 1048576K
}
Event: 17.765 GC heap before
{Heap before GC invocations=20 (full 2):
 PSYoungGen      total 23552K, used 23528K [0x00000000d5580000, 0x00000000d7600000, 0x0000000100000000)
  eden space 20992K, 100% used [0x00000000d5580000,0x00000000d6a00000,0x00000000d6a00000)
  from space 2560K, 99% used [0x00000000d6a00000,0x00000000d6c7a000,0x00000000d6c80000)
  to   space 6144K, 0% used [0x00000000d7000000,0x00000000d7000000,0x00000000d7600000)
 ParOldGen       total 68608K, used 27743K [0x0000000080000000, 0x0000000084300000, 0x00000000d5580000)
  object space 68608K, 40% used [0x0000000080000000,0x0000000081b17ea0,0x0000000084300000)
 Metaspace       used 37343K, committed 38272K, reserved 1114112K
  class space    used 3807K, committed 4224K, reserved 1048576K
}
Event: 17.770 GC heap after
{Heap after GC invocations=20 (full 2):
 PSYoungGen      total 23040K, used 1798K [0x00000000d5580000, 0x00000000d7200000, 0x0000000100000000)
  eden space 20992K, 0% used [0x00000000d5580000,0x00000000d5580000,0x00000000d6a00000)
  from space 2048K, 87% used [0x00000000d7000000,0x00000000d71c1970,0x00000000d7200000)
  to   space 3072K, 0% used [0x00000000d6c00000,0x00000000d6c00000,0x00000000d6f00000)
 ParOldGen       total 68608K, used 30320K [0x0000000080000000, 0x0000000084300000, 0x00000000d5580000)
  object space 68608K, 44% used [0x0000000080000000,0x0000000081d9c3e8,0x0000000084300000)
 Metaspace       used 37343K, committed 38272K, reserved 1114112K
  class space    used 3807K, committed 4224K, reserved 1048576K
}
Event: 17.889 GC heap before
{Heap before GC invocations=21 (full 2):
 PSYoungGen      total 23040K, used 22790K [0x00000000d5580000, 0x00000000d7200000, 0x0000000100000000)
  eden space 20992K, 100% used [0x00000000d5580000,0x00000000d6a00000,0x00000000d6a00000)
  from space 2048K, 87% used [0x00000000d7000000,0x00000000d71c1970,0x00000000d7200000)
  to   space 3072K, 0% used [0x00000000d6c00000,0x00000000d6c00000,0x00000000d6f00000)
 ParOldGen       total 68608K, used 30320K [0x0000000080000000, 0x0000000084300000, 0x00000000d5580000)
  object space 68608K, 44% used [0x0000000080000000,0x0000000081d9c3e8,0x0000000084300000)
 Metaspace       used 37353K, committed 38272K, reserved 1114112K
  class space    used 3807K, committed 4224K, reserved 1048576K
}
Event: 17.891 GC heap after
{Heap after GC invocations=21 (full 2):
 PSYoungGen      total 24064K, used 978K [0x00000000d5580000, 0x00000000d7080000, 0x0000000100000000)
  eden space 20992K, 0% used [0x00000000d5580000,0x00000000d5580000,0x00000000d6a00000)
  from space 3072K, 31% used [0x00000000d6c00000,0x00000000d6cf48b0,0x00000000d6f00000)
  to   space 1536K, 0% used [0x00000000d6f00000,0x00000000d6f00000,0x00000000d7080000)
 ParOldGen       total 68608K, used 31335K [0x0000000080000000, 0x0000000084300000, 0x00000000d5580000)
  object space 68608K, 45% used [0x0000000080000000,0x0000000081e99d70,0x0000000084300000)
 Metaspace       used 37353K, committed 38272K, reserved 1114112K
  class space    used 3807K, committed 4224K, reserved 1048576K
}
Event: 18.515 GC heap before
{Heap before GC invocations=22 (full 2):
 PSYoungGen      total 24064K, used 21970K [0x00000000d5580000, 0x00000000d7080000, 0x0000000100000000)
  eden space 20992K, 100% used [0x00000000d5580000,0x00000000d6a00000,0x00000000d6a00000)
  from space 3072K, 31% used [0x00000000d6c00000,0x00000000d6cf48b0,0x00000000d6f00000)
  to   space 1536K, 0% used [0x00000000d6f00000,0x00000000d6f00000,0x00000000d7080000)
 ParOldGen       total 68608K, used 31335K [0x0000000080000000, 0x0000000084300000, 0x00000000d5580000)
  object space 68608K, 45% used [0x0000000080000000,0x0000000081e99d70,0x0000000084300000)
 Metaspace       used 40039K, committed 41024K, reserved 1114112K
  class space    used 4054K, committed 4480K, reserved 1048576K
}
Event: 18.520 GC heap after
{Heap after GC invocations=22 (full 2):
 PSYoungGen      total 22528K, used 1120K [0x00000000d5580000, 0x00000000d7080000, 0x0000000100000000)
  eden space 20992K, 0% used [0x00000000d5580000,0x00000000d5580000,0x00000000d6a00000)
  from space 1536K, 72% used [0x00000000d6f00000,0x00000000d7018040,0x00000000d7080000)
  to   space 1536K, 0% used [0x00000000d6d80000,0x00000000d6d80000,0x00000000d6f00000)
 ParOldGen       total 68608K, used 32132K [0x0000000080000000, 0x0000000084300000, 0x00000000d5580000)
  object space 68608K, 46% used [0x0000000080000000,0x0000000081f61280,0x0000000084300000)
 Metaspace       used 40039K, committed 41024K, reserved 1114112K
  class space    used 4054K, committed 4480K, reserved 1048576K
}
Event: 19.246 GC heap before
{Heap before GC invocations=23 (full 2):
 PSYoungGen      total 22528K, used 22112K [0x00000000d5580000, 0x00000000d7080000, 0x0000000100000000)
  eden space 20992K, 100% used [0x00000000d5580000,0x00000000d6a00000,0x00000000d6a00000)
  from space 1536K, 72% used [0x00000000d6f00000,0x00000000d7018040,0x00000000d7080000)
  to   space 1536K, 0% used [0x00000000d6d80000,0x00000000d6d80000,0x00000000d6f00000)
 ParOldGen       total 68608K, used 32132K [0x0000000080000000, 0x0000000084300000, 0x00000000d5580000)
  object space 68608K, 46% used [0x0000000080000000,0x0000000081f61280,0x0000000084300000)
 Metaspace       used 42195K, committed 43136K, reserved 1114112K
  class space    used 4275K, committed 4672K, reserved 1048576K
}
Event: 19.249 GC heap after
{Heap after GC invocations=23 (full 2):
 PSYoungGen      total 22528K, used 1523K [0x00000000d5580000, 0x00000000d7000000, 0x0000000100000000)
  eden space 20992K, 0% used [0x00000000d5580000,0x00000000d5580000,0x00000000d6a00000)
  from space 1536K, 99% used [0x00000000d6d80000,0x00000000d6efcea0,0x00000000d6f00000)
  to   space 1024K, 0% used [0x00000000d6f00000,0x00000000d6f00000,0x00000000d7000000)
 ParOldGen       total 68608K, used 33158K [0x0000000080000000, 0x0000000084300000, 0x00000000d5580000)
  object space 68608K, 48% used [0x0000000080000000,0x00000000820619d0,0x0000000084300000)
 Metaspace       used 42195K, committed 43136K, reserved 1114112K
  class space    used 4275K, committed 4672K, reserved 1048576K
}
Event: 34.226 GC heap before
{Heap before GC invocations=24 (full 2):
 PSYoungGen      total 22528K, used 22515K [0x00000000d5580000, 0x00000000d7000000, 0x0000000100000000)
  eden space 20992K, 100% used [0x00000000d5580000,0x00000000d6a00000,0x00000000d6a00000)
  from space 1536K, 99% used [0x00000000d6d80000,0x00000000d6efcea0,0x00000000d6f00000)
  to   space 1024K, 0% used [0x00000000d6f00000,0x00000000d6f00000,0x00000000d7000000)
 ParOldGen       total 68608K, used 33158K [0x0000000080000000, 0x0000000084300000, 0x00000000d5580000)
  object space 68608K, 48% used [0x0000000080000000,0x00000000820619d0,0x0000000084300000)
 Metaspace       used 43656K, committed 44672K, reserved 1114112K
  class space    used 4395K, committed 4800K, reserved 1048576K
}
Event: 34.232 GC heap after
{Heap after GC invocations=24 (full 2):
 PSYoungGen      total 22016K, used 992K [0x00000000d5580000, 0x00000000d7100000, 0x0000000100000000)
  eden space 20992K, 0% used [0x00000000d5580000,0x00000000d5580000,0x00000000d6a00000)
  from space 1024K, 96% used [0x00000000d6f00000,0x00000000d6ff8020,0x00000000d7000000)
  to   space 3584K, 0% used [0x00000000d6a00000,0x00000000d6a00000,0x00000000d6d80000)
 ParOldGen       total 68608K, used 35164K [0x0000000080000000, 0x0000000084300000, 0x00000000d5580000)
  object space 68608K, 51% used [0x0000000080000000,0x0000000082257018,0x0000000084300000)
 Metaspace       used 43656K, committed 44672K, reserved 1114112K
  class space    used 4395K, committed 4800K, reserved 1048576K
}

