# JRE version: OpenJDK Runtime Environment Temurin-21.0.8+9 (21.0.8+9) (build 21.0.8+9-LTS)
# Java VM: OpenJDK 64-Bit Server VM Temurin-21.0.8+9 (21.0.8+9-LTS, mixed mode, sharing, tiered, compressed oops, compressed class ptrs, parallel gc, windows-amd64)
GC Precious Log:
 CardTable entry size: 512
 CPUs: 8 total, 8 available
 Memory: 7919M
 Large Page Support: Disabled
 NUMA Support: Disabled
 Compressed Oops: Enabled (32-bit)
 Alignments: Space 512K, Generation 512K, Heap 2M
 Heap Min Capacity: 100M
 Heap Initial Capacity: 100M
 Heap Max Capacity: 2G
 Pre-touch: Disabled
 Parallel Workers: 8
Heap:
 PSYoungGen      total 9728K, used 9696K [0x00000000d5580000, 0x00000000d6200000, 0x0000000100000000)
  eden space 7680K, 100% used [0x00000000d5580000,0x00000000d5d00000,0x00000000d5d00000)
  from space 2048K, 98% used [0x00000000d6000000,0x00000000d61f8008,0x00000000d6200000)
  to   space 2560K, 36% used [0x00000000d5d00000,0x00000000d5de8000,0x00000000d5f80000)
 ParOldGen       total 368128K, used 368090K [0x0000000080000000, 0x0000000096780000, 0x00000000d5580000)
  object space 368128K, 99% used [0x0000000080000000,0x0000000096776800,0x0000000096780000)
 Metaspace       used 63126K, committed 64704K, reserved 1114112K
  class space    used 6738K, committed 7424K, reserved 1048576K
GC Heap History (20 events):
Event: 29.395 GC heap after
{Heap after GC invocations=513 (full 4):
 PSYoungGen      total 8704K, used 1952K [0x00000000d5580000, 0x00000000d6000000, 0x0000000100000000)
  eden space 6656K, 0% used [0x00000000d5580000,0x00000000d5580000,0x00000000d5c00000)
  from space 2048K, 95% used [0x00000000d5e00000,0x00000000d5fe8000,0x00000000d6000000)
  to   space 2048K, 0% used [0x00000000d5c00000,0x00000000d5c00000,0x00000000d5e00000)
 ParOldGen       total 360448K, used 359999K [0x0000000080000000, 0x0000000096000000, 0x00000000d5580000)
  object space 360448K, 99% used [0x0000000080000000,0x0000000095f8fda8,0x0000000096000000)
 Metaspace       used 63125K, committed 64704K, reserved 1114112K
  class space    used 6738K, committed 7424K, reserved 1048576K
}
Event: 29.431 GC heap before
{Heap before GC invocations=514 (full 4):
 PSYoungGen      total 8704K, used 8608K [0x00000000d5580000, 0x00000000d6000000, 0x0000000100000000)
  eden space 6656K, 100% used [0x00000000d5580000,0x00000000d5c00000,0x00000000d5c00000)
  from space 2048K, 95% used [0x00000000d5e00000,0x00000000d5fe8000,0x00000000d6000000)
  to   space 2048K, 0% used [0x00000000d5c00000,0x00000000d5c00000,0x00000000d5e00000)
 ParOldGen       total 360448K, used 359999K [0x0000000080000000, 0x0000000096000000, 0x00000000d5580000)
  object space 360448K, 99% used [0x0000000080000000,0x0000000095f8fda8,0x0000000096000000)
 Metaspace       used 63125K, committed 64704K, reserved 1114112K
  class space    used 6738K, committed 7424K, reserved 1048576K
}
Event: 29.435 GC heap after
{Heap after GC invocations=514 (full 4):
 PSYoungGen      total 8704K, used 2048K [0x00000000d5580000, 0x00000000d6100000, 0x0000000100000000)
  eden space 6656K, 0% used [0x00000000d5580000,0x00000000d5580000,0x00000000d5c00000)
  from space 2048K, 100% used [0x00000000d5c00000,0x00000000d5e00000,0x00000000d5e00000)
  to   space 2560K, 0% used [0x00000000d5e80000,0x00000000d5e80000,0x00000000d6100000)
 ParOldGen       total 360448K, used 360415K [0x0000000080000000, 0x0000000096000000, 0x00000000d5580000)
  object space 360448K, 99% used [0x0000000080000000,0x0000000095ff7da8,0x0000000096000000)
 Metaspace       used 63125K, committed 64704K, reserved 1114112K
  class space    used 6738K, committed 7424K, reserved 1048576K
}
Event: 29.465 GC heap before
{Heap before GC invocations=515 (full 4):
 PSYoungGen      total 8704K, used 8704K [0x00000000d5580000, 0x00000000d6100000, 0x0000000100000000)
  eden space 6656K, 100% used [0x00000000d5580000,0x00000000d5c00000,0x00000000d5c00000)
  from space 2048K, 100% used [0x00000000d5c00000,0x00000000d5e00000,0x00000000d5e00000)
  to   space 2560K, 0% used [0x00000000d5e80000,0x00000000d5e80000,0x00000000d6100000)
 ParOldGen       total 360448K, used 360415K [0x0000000080000000, 0x0000000096000000, 0x00000000d5580000)
  object space 360448K, 99% used [0x0000000080000000,0x0000000095ff7da8,0x0000000096000000)
 Metaspace       used 63125K, committed 64704K, reserved 1114112K
  class space    used 6738K, committed 7424K, reserved 1048576K
}
Event: 29.469 GC heap after
{Heap after GC invocations=515 (full 4):
 PSYoungGen      total 9216K, used 2048K [0x00000000d5580000, 0x00000000d6100000, 0x0000000100000000)
  eden space 6656K, 0% used [0x00000000d5580000,0x00000000d5580000,0x00000000d5c00000)
  from space 2560K, 80% used [0x00000000d5e80000,0x00000000d6080000,0x00000000d6100000)
  to   space 2560K, 0% used [0x00000000d5c00000,0x00000000d5c00000,0x00000000d5e80000)
 ParOldGen       total 361472K, used 361335K [0x0000000080000000, 0x0000000096100000, 0x00000000d5580000)
  object space 361472K, 99% used [0x0000000080000000,0x00000000960ddda8,0x0000000096100000)
 Metaspace       used 63125K, committed 64704K, reserved 1114112K
  class space    used 6738K, committed 7424K, reserved 1048576K
}
Event: 29.497 GC heap before
{Heap before GC invocations=516 (full 4):
 PSYoungGen      total 9216K, used 8704K [0x00000000d5580000, 0x00000000d6100000, 0x0000000100000000)
  eden space 6656K, 100% used [0x00000000d5580000,0x00000000d5c00000,0x00000000d5c00000)
  from space 2560K, 80% used [0x00000000d5e80000,0x00000000d6080000,0x00000000d6100000)
  to   space 2560K, 0% used [0x00000000d5c00000,0x00000000d5c00000,0x00000000d5e80000)
 ParOldGen       total 361472K, used 361335K [0x0000000080000000, 0x0000000096100000, 0x00000000d5580000)
  object space 361472K, 99% used [0x0000000080000000,0x00000000960ddda8,0x0000000096100000)
 Metaspace       used 63125K, committed 64704K, reserved 1114112K
  class space    used 6738K, committed 7424K, reserved 1048576K
}
Event: 29.500 GC heap after
{Heap after GC invocations=516 (full 4):
 PSYoungGen      total 9216K, used 2560K [0x00000000d5580000, 0x00000000d6200000, 0x0000000100000000)
  eden space 6656K, 0% used [0x00000000d5580000,0x00000000d5580000,0x00000000d5c00000)
  from space 2560K, 100% used [0x00000000d5c00000,0x00000000d5e80000,0x00000000d5e80000)
  to   space 3072K, 0% used [0x00000000d5f00000,0x00000000d5f00000,0x00000000d6200000)
 ParOldGen       total 361472K, used 361431K [0x0000000080000000, 0x0000000096100000, 0x00000000d5580000)
  object space 361472K, 99% used [0x0000000080000000,0x00000000960f5da8,0x0000000096100000)
 Metaspace       used 63125K, committed 64704K, reserved 1114112K
  class space    used 6738K, committed 7424K, reserved 1048576K
}
Event: 29.523 GC heap before
{Heap before GC invocations=517 (full 4):
 PSYoungGen      total 9216K, used 9171K [0x00000000d5580000, 0x00000000d6200000, 0x0000000100000000)
  eden space 6656K, 99% used [0x00000000d5580000,0x00000000d5bf4c40,0x00000000d5c00000)
  from space 2560K, 100% used [0x00000000d5c00000,0x00000000d5e80000,0x00000000d5e80000)
  to   space 3072K, 0% used [0x00000000d5f00000,0x00000000d5f00000,0x00000000d6200000)
 ParOldGen       total 361472K, used 361431K [0x0000000080000000, 0x0000000096100000, 0x00000000d5580000)
  object space 361472K, 99% used [0x0000000080000000,0x00000000960f5da8,0x0000000096100000)
 Metaspace       used 63125K, committed 64704K, reserved 1114112K
  class space    used 6738K, committed 7424K, reserved 1048576K
}
Event: 29.527 GC heap after
{Heap after GC invocations=517 (full 4):
 PSYoungGen      total 9728K, used 2512K [0x00000000d5580000, 0x00000000d6300000, 0x0000000100000000)
  eden space 6656K, 0% used [0x00000000d5580000,0x00000000d5580000,0x00000000d5c00000)
  from space 3072K, 81% used [0x00000000d5f00000,0x00000000d6174030,0x00000000d6200000)
  to   space 3072K, 0% used [0x00000000d5c00000,0x00000000d5c00000,0x00000000d5f00000)
 ParOldGen       total 363008K, used 362551K [0x0000000080000000, 0x0000000096280000, 0x00000000d5580000)
  object space 363008K, 99% used [0x0000000080000000,0x000000009620dda8,0x0000000096280000)
 Metaspace       used 63125K, committed 64704K, reserved 1114112K
  class space    used 6738K, committed 7424K, reserved 1048576K
}
Event: 29.548 GC heap before
{Heap before GC invocations=518 (full 4):
 PSYoungGen      total 9728K, used 9168K [0x00000000d5580000, 0x00000000d6300000, 0x0000000100000000)
  eden space 6656K, 100% used [0x00000000d5580000,0x00000000d5c00000,0x00000000d5c00000)
  from space 3072K, 81% used [0x00000000d5f00000,0x00000000d6174030,0x00000000d6200000)
  to   space 3072K, 0% used [0x00000000d5c00000,0x00000000d5c00000,0x00000000d5f00000)
 ParOldGen       total 363008K, used 362551K [0x0000000080000000, 0x0000000096280000, 0x00000000d5580000)
  object space 363008K, 99% used [0x0000000080000000,0x000000009620dda8,0x0000000096280000)
 Metaspace       used 63125K, committed 64704K, reserved 1114112K
  class space    used 6738K, committed 7424K, reserved 1048576K
}
Event: 29.551 GC heap after
{Heap after GC invocations=518 (full 4):
 PSYoungGen      total 9728K, used 2464K [0x00000000d5580000, 0x00000000d6200000, 0x0000000100000000)
  eden space 6656K, 0% used [0x00000000d5580000,0x00000000d5580000,0x00000000d5c00000)
  from space 3072K, 80% used [0x00000000d5c00000,0x00000000d5e68000,0x00000000d5f00000)
  to   space 2560K, 0% used [0x00000000d5f80000,0x00000000d5f80000,0x00000000d6200000)
 ParOldGen       total 363520K, used 363287K [0x0000000080000000, 0x0000000096300000, 0x00000000d5580000)
  object space 363520K, 99% used [0x0000000080000000,0x00000000962c5da8,0x0000000096300000)
 Metaspace       used 63125K, committed 64704K, reserved 1114112K
  class space    used 6738K, committed 7424K, reserved 1048576K
}
Event: 29.578 GC heap before
{Heap before GC invocations=519 (full 4):
 PSYoungGen      total 9728K, used 9119K [0x00000000d5580000, 0x00000000d6200000, 0x0000000100000000)
  eden space 6656K, 99% used [0x00000000d5580000,0x00000000d5bffc28,0x00000000d5c00000)
  from space 3072K, 80% used [0x00000000d5c00000,0x00000000d5e68000,0x00000000d5f00000)
  to   space 2560K, 0% used [0x00000000d5f80000,0x00000000d5f80000,0x00000000d6200000)
 ParOldGen       total 363520K, used 363287K [0x0000000080000000, 0x0000000096300000, 0x00000000d5580000)
  object space 363520K, 99% used [0x0000000080000000,0x00000000962c5da8,0x0000000096300000)
 Metaspace       used 63126K, committed 64704K, reserved 1114112K
  class space    used 6738K, committed 7424K, reserved 1048576K
}
Event: 29.581 GC heap after
{Heap after GC invocations=519 (full 4):
 PSYoungGen      total 10240K, used 1872K [0x00000000d5580000, 0x00000000d6200000, 0x0000000100000000)
  eden space 7680K, 0% used [0x00000000d5580000,0x00000000d5580000,0x00000000d5d00000)
  from space 2560K, 73% used [0x00000000d5f80000,0x00000000d6154070,0x00000000d6200000)
  to   space 2560K, 0% used [0x00000000d5d00000,0x00000000d5d00000,0x00000000d5f80000)
 ParOldGen       total 365056K, used 364885K [0x0000000080000000, 0x0000000096480000, 0x00000000d5580000)
  object space 365056K, 99% used [0x0000000080000000,0x00000000964557d0,0x0000000096480000)
 Metaspace       used 63126K, committed 64704K, reserved 1114112K
  class space    used 6738K, committed 7424K, reserved 1048576K
}
Event: 29.617 GC heap before
{Heap before GC invocations=520 (full 4):
 PSYoungGen      total 10240K, used 9552K [0x00000000d5580000, 0x00000000d6200000, 0x0000000100000000)
  eden space 7680K, 100% used [0x00000000d5580000,0x00000000d5d00000,0x00000000d5d00000)
  from space 2560K, 73% used [0x00000000d5f80000,0x00000000d6154070,0x00000000d6200000)
  to   space 2560K, 0% used [0x00000000d5d00000,0x00000000d5d00000,0x00000000d5f80000)
 ParOldGen       total 365056K, used 364885K [0x0000000080000000, 0x0000000096480000, 0x00000000d5580000)
  object space 365056K, 99% used [0x0000000080000000,0x00000000964557d0,0x0000000096480000)
 Metaspace       used 63126K, committed 64704K, reserved 1114112K
  class space    used 6738K, committed 7424K, reserved 1048576K
}
Event: 29.620 GC heap after
{Heap after GC invocations=520 (full 4):
 PSYoungGen      total 10240K, used 1920K [0x00000000d5580000, 0x00000000d6200000, 0x0000000100000000)
  eden space 7680K, 0% used [0x00000000d5580000,0x00000000d5580000,0x00000000d5d00000)
  from space 2560K, 75% used [0x00000000d5d00000,0x00000000d5ee0000,0x00000000d5f80000)
  to   space 2048K, 0% used [0x00000000d6000000,0x00000000d6000000,0x00000000d6200000)
 ParOldGen       total 366080K, used 365634K [0x0000000080000000, 0x0000000096580000, 0x00000000d5580000)
  object space 366080K, 99% used [0x0000000080000000,0x00000000965109d8,0x0000000096580000)
 Metaspace       used 63126K, committed 64704K, reserved 1114112K
  class space    used 6738K, committed 7424K, reserved 1048576K
}
Event: 29.700 GC heap before
{Heap before GC invocations=521 (full 4):
 PSYoungGen      total 10240K, used 9600K [0x00000000d5580000, 0x00000000d6200000, 0x0000000100000000)
  eden space 7680K, 100% used [0x00000000d5580000,0x00000000d5d00000,0x00000000d5d00000)
  from space 2560K, 75% used [0x00000000d5d00000,0x00000000d5ee0000,0x00000000d5f80000)
  to   space 2048K, 0% used [0x00000000d6000000,0x00000000d6000000,0x00000000d6200000)
 ParOldGen       total 366080K, used 365634K [0x0000000080000000, 0x0000000096580000, 0x00000000d5580000)
  object space 366080K, 99% used [0x0000000080000000,0x00000000965109d8,0x0000000096580000)
 Metaspace       used 63126K, committed 64704K, reserved 1114112K
  class space    used 6738K, committed 7424K, reserved 1048576K
}
Event: 29.705 GC heap after
{Heap after GC invocations=521 (full 4):
 PSYoungGen      total 9728K, used 2016K [0x00000000d5580000, 0x00000000d6200000, 0x0000000100000000)
  eden space 7680K, 0% used [0x00000000d5580000,0x00000000d5580000,0x00000000d5d00000)
  from space 2048K, 98% used [0x00000000d6000000,0x00000000d61f8008,0x00000000d6200000)
  to   space 2560K, 0% used [0x00000000d5d00000,0x00000000d5d00000,0x00000000d5f80000)
 ParOldGen       total 367104K, used 367032K [0x0000000080000000, 0x0000000096680000, 0x00000000d5580000)
  object space 367104K, 99% used [0x0000000080000000,0x000000009666e3f8,0x0000000096680000)
 Metaspace       used 63126K, committed 64704K, reserved 1114112K
  class space    used 6738K, committed 7424K, reserved 1048576K
}
Event: 29.769 GC heap before
{Heap before GC invocations=522 (full 4):
 PSYoungGen      total 9728K, used 9696K [0x00000000d5580000, 0x00000000d6200000, 0x0000000100000000)
  eden space 7680K, 100% used [0x00000000d5580000,0x00000000d5d00000,0x00000000d5d00000)
  from space 2048K, 98% used [0x00000000d6000000,0x00000000d61f8008,0x00000000d6200000)
  to   space 2560K, 0% used [0x00000000d5d00000,0x00000000d5d00000,0x00000000d5f80000)
 ParOldGen       total 367104K, used 367032K [0x0000000080000000, 0x0000000096680000, 0x00000000d5580000)
  object space 367104K, 99% used [0x0000000080000000,0x000000009666e3f8,0x0000000096680000)
 Metaspace       used 63126K, committed 64704K, reserved 1114112K
  class space    used 6738K, committed 7424K, reserved 1048576K
}
Event: 29.772 GC heap after
{Heap after GC invocations=522 (full 4):
 PSYoungGen      total 9728K, used 9696K [0x00000000d5580000, 0x00000000d6200000, 0x0000000100000000)
  eden space 7680K, 100% used [0x00000000d5580000,0x00000000d5d00000,0x00000000d5d00000)
  from space 2048K, 98% used [0x00000000d6000000,0x00000000d61f8008,0x00000000d6200000)
  to   space 2560K, 36% used [0x00000000d5d00000,0x00000000d5de8000,0x00000000d5f80000)
 ParOldGen       total 368128K, used 368090K [0x0000000080000000, 0x0000000096780000, 0x00000000d5580000)
  object space 368128K, 99% used [0x0000000080000000,0x0000000096776800,0x0000000096780000)
 Metaspace       used 63126K, committed 64704K, reserved 1114112K
  class space    used 6738K, committed 7424K, reserved 1048576K
}
Event: 29.772 GC heap before
{Heap before GC invocations=523 (full 5):
 PSYoungGen      total 9728K, used 9696K [0x00000000d5580000, 0x00000000d6200000, 0x0000000100000000)
  eden space 7680K, 100% used [0x00000000d5580000,0x00000000d5d00000,0x00000000d5d00000)
  from space 2048K, 98% used [0x00000000d6000000,0x00000000d61f8008,0x00000000d6200000)
  to   space 2560K, 36% used [0x00000000d5d00000,0x00000000d5de8000,0x00000000d5f80000)
 ParOldGen       total 368128K, used 368090K [0x0000000080000000, 0x0000000096780000, 0x00000000d5580000)
  object space 368128K, 99% used [0x0000000080000000,0x0000000096776800,0x0000000096780000)
 Metaspace       used 63126K, committed 64704K, reserved 1114112K
  class space    used 6738K, committed 7424K, reserved 1048576K
}

